[0m16:06:13.149866 [debug] [MainThread]: Sending event: {'category': 'dbt', 'action': 'invocation', 'label': 'start', 'context': [<snowplow_tracker.self_describing_json.SelfDescribingJson object at 0x00000213F6164050>, <snowplow_tracker.self_describing_json.SelfDescribingJson object at 0x00000213F1C57750>, <snowplow_tracker.self_describing_json.SelfDescribingJson object at 0x00000213F81D7C50>]}


============================== 16:06:13.155153 | f6d74e8f-4134-461e-b7c4-b93253dd2dfd ==============================
[0m16:06:13.155153 [info ] [MainThread]: Running with dbt=1.11.6
[0m16:06:13.155720 [debug] [MainThread]: running dbt with arguments {'static_parser': 'True', 'no_print': 'None', 'version_check': 'True', 'warn_error_options': 'WarnErrorOptionsV2(error=[], warn=[], silence=[])', 'target_path': 'None', 'printer_width': '80', 'write_json': 'True', 'introspect': 'True', 'log_cache_events': 'False', 'empty': 'None', 'cache_selected_only': 'False', 'log_format': 'default', 'debug': 'False', 'fail_fast': 'False', 'profiles_dir': 'C:\\Users\\ADMIN\\.dbt', 'send_anonymous_usage_stats': 'True', 'quiet': 'False', 'warn_error': 'None', 'partial_parse': 'True', 'invocation_command': 'dbt init dbt_transform', 'indirect_selection': 'eager', 'use_colors': 'True', 'use_experimental_parser': 'False', 'log_path': 'logs'}
[0m16:06:13.173705 [info ] [MainThread]: Creating dbt configuration folder at C:\Users\ADMIN\.dbt
[0m16:06:13.175850 [debug] [MainThread]: Starter project path: C:\Users\ADMIN\AppData\Local\Programs\Python\Python313\Lib\site-packages\dbt\include\starter_project
[0m16:06:13.199295 [info ] [MainThread]: 
Your new dbt project "dbt_transform" was created!

For more information on how to configure the profiles.yml file,
please consult the dbt documentation here:

  https://docs.getdbt.com/docs/configure-your-profile

One more thing:

Need help? Don't hesitate to reach out to us via GitHub issues or on Slack:

  https://community.getdbt.com/

Happy modeling!

[0m16:06:13.199969 [info ] [MainThread]: Setting up your profile.
[0m16:08:05.289301 [info ] [MainThread]: Profile dbt_transform written to C:\Users\ADMIN\.dbt\profiles.yml using target's profile_template.yml and your supplied values. Run 'dbt debug' to validate the connection.
[0m16:08:05.290898 [debug] [MainThread]: Command `dbt init` succeeded at 16:08:05.290757 after 112.33 seconds
[0m16:08:05.291313 [debug] [MainThread]: Sending event: {'category': 'dbt', 'action': 'invocation', 'label': 'end', 'context': [<snowplow_tracker.self_describing_json.SelfDescribingJson object at 0x00000213A031E9E0>, <snowplow_tracker.self_describing_json.SelfDescribingJson object at 0x00000213A5E6AF90>, <snowplow_tracker.self_describing_json.SelfDescribingJson object at 0x00000213A60CF020>]}
[0m16:08:05.291668 [debug] [MainThread]: Flushing usage events
[0m16:08:06.554869 [debug] [MainThread]: An error was encountered while trying to flush usage events
